<?xml version="1.0" encoding="UTF-8"?>
<!-- Generated by org.testng.reporters.JUnitReportReporter -->
<testsuite skipped="0" hostname="DESKTOP-F0GIQHM" name="dataProviderPackage.SampleTest" tests="3" failures="0" timestamp="25 Jun 2019 04:56:09 GMT" time="33.162" errors="0">
  <testcase name="Sc_DifferentBilling" time="20.844" classname="dataProviderPackage.SampleTest"/>
  <testcase name="Sc_DifferentBilling" time="0.004" classname="dataProviderPackage.SampleTest"/>
  <testcase name="Sc_DifferentBilling" time="12.314" classname="dataProviderPackage.SampleTest"/>
</testsuite> <!-- dataProviderPackage.SampleTest -->
