<?xml version="1.0" encoding="UTF-8"?>
<!-- Generated by org.testng.reporters.JUnitReportReporter -->
<testsuite skipped="0" hostname="DESKTOP-F0GIQHM" name="dataProviderPackage.BillingandShippingAddress" tests="2" failures="0" timestamp="24 Jun 2019 16:52:56 GMT" time="43.793" errors="0">
  <testcase name="SubOrder" time="19.522" classname="dataProviderPackage.BillingandShippingAddress"/>
  <testcase name="SubOrder" time="24.271" classname="dataProviderPackage.BillingandShippingAddress"/>
</testsuite> <!-- dataProviderPackage.BillingandShippingAddress -->
