<?xml version="1.0" encoding="UTF-8"?>
<!-- Generated by org.testng.reporters.JUnitReportReporter -->
<testsuite hostname="DESKTOP-F0GIQHM" name="com.Sheercover.QA.Scripts.sc_5pcKit_LightShade_90Supply_SameAsBilling" tests="2" failures="0" timestamp="24 Jun 2019 16:43:36 GMT" time="20.085" errors="0">
  <testcase name="verifyPlaceAnOrder_5PcKit_LightShade_90Supply_SameAsBilling" time="15.563" classname="com.Sheercover.QA.Scripts.sc_5pcKit_LightShade_90Supply_SameAsBilling"/>
  <testcase name="enter_sameAs_Billing" time="4.522" classname="com.Sheercover.QA.Scripts.sc_5pcKit_LightShade_90Supply_SameAsBilling"/>
</testsuite> <!-- com.Sheercover.QA.Scripts.sc_5pcKit_LightShade_90Supply_SameAsBilling -->
